This file contains any messages produced by compilers while
running configure, to aid debugging if configure makes a mistake.

It was created by btrfs-progs configure v4.7.1-dirty, which was
generated by GNU Autoconf 2.71.  Invocation command line was

  $ ./configure

## --------- ##
## Platform. ##
## --------- ##

hostname = ubuntu-VirtualBox
uname -m = x86_64
uname -r = 6.8.0-41-generic
uname -s = Linux
uname -v = #41-Ubuntu SMP PREEMPT_DYNAMIC Fri Aug  2 20:41:06 UTC 2024

/usr/bin/uname -p = x86_64
/bin/uname -X     = unknown

/bin/arch              = x86_64
/usr/bin/arch -k       = unknown
/usr/convex/getsysinfo = unknown
/usr/bin/hostinfo      = unknown
/bin/machine           = unknown
/usr/bin/oslevel       = unknown
/bin/universe          = unknown

PATH: /usr/local/sbin/
PATH: /usr/local/bin/
PATH: /usr/sbin/
PATH: /usr/bin/
PATH: /sbin/
PATH: /bin/
PATH: /snap/bin/


## ----------- ##
## Core tests. ##
## ----------- ##

configure:2372: looking for aux files: install-sh config.guess config.sub
configure:2385:  trying ./config/
configure:2396:   ./config/install-sh found
configure:2414:   ./config/config.guess found
configure:2414:   ./config/config.sub found
configure:2604: checking for gcc
configure:2625: found /usr/bin/gcc
configure:2636: result: gcc
configure:2989: checking for C compiler version
configure:2998: gcc --version >&5
gcc (Ubuntu 13.2.0-23ubuntu4) 13.2.0
Copyright (C) 2023 Free Software Foundation, Inc.
This is free software; see the source for copying conditions.  There is NO
warranty; not even for MERCHANTABILITY or FITNESS FOR A PARTICULAR PURPOSE.

configure:3009: $? = 0
configure:2998: gcc -v >&5
Using built-in specs.
COLLECT_GCC=gcc
COLLECT_LTO_WRAPPER=/usr/libexec/gcc/x86_64-linux-gnu/13/lto-wrapper
OFFLOAD_TARGET_NAMES=nvptx-none:amdgcn-amdhsa
OFFLOAD_TARGET_DEFAULT=1
Target: x86_64-linux-gnu
Configured with: ../src/configure -v --with-pkgversion='Ubuntu 13.2.0-23ubuntu4' --with-bugurl=file:///usr/share/doc/gcc-13/README.Bugs --enable-languages=c,ada,c++,go,d,fortran,objc,obj-c++,m2 --prefix=/usr --with-gcc-major-version-only --program-suffix=-13 --program-prefix=x86_64-linux-gnu- --enable-shared --enable-linker-build-id --libexecdir=/usr/libexec --without-included-gettext --enable-threads=posix --libdir=/usr/lib --enable-nls --enable-clocale=gnu --enable-libstdcxx-debug --enable-libstdcxx-time=yes --with-default-libstdcxx-abi=new --enable-libstdcxx-backtrace --enable-gnu-unique-object --disable-vtable-verify --enable-plugin --enable-default-pie --with-system-zlib --enable-libphobos-checking=release --with-target-system-zlib=auto --enable-objc-gc=auto --enable-multiarch --disable-werror --enable-cet --with-arch-32=i686 --with-abi=m64 --with-multilib-list=m32,m64,mx32 --enable-multilib --with-tune=generic --enable-offload-targets=nvptx-none=/build/gcc-13-uJ7kn6/gcc-13-13.2.0/debian/tmp-nvptx/usr,amdgcn-amdhsa=/build/gcc-13-uJ7kn6/gcc-13-13.2.0/debian/tmp-gcn/usr --enable-offload-defaulted --without-cuda-driver --enable-checking=release --build=x86_64-linux-gnu --host=x86_64-linux-gnu --target=x86_64-linux-gnu
Thread model: posix
Supported LTO compression algorithms: zlib zstd
gcc version 13.2.0 (Ubuntu 13.2.0-23ubuntu4) 
... rest of stderr output deleted ...
configure:3009: $? = 0
configure:2998: gcc -V >&5
gcc: error: unrecognized command-line option '-V'
gcc: fatal error: no input files
compilation terminated.
configure:3009: $? = 1
configure:2998: gcc -qversion >&5
gcc: error: unrecognized command-line option '-qversion'; did you mean '--version'?
gcc: fatal error: no input files
compilation terminated.
configure:3009: $? = 1
configure:2998: gcc -version >&5
gcc: error: unrecognized command-line option '-version'
gcc: fatal error: no input files
compilation terminated.
configure:3009: $? = 1
configure:3029: checking whether the C compiler works
configure:3051: gcc -g -O1 -Wall -D_FORTIFY_SOURCE=2   conftest.c  >&5
configure:3055: $? = 0
configure:3105: result: yes
configure:3108: checking for C compiler default output file name
configure:3110: result: a.out
configure:3116: checking for suffix of executables
configure:3123: gcc -o conftest -g -O1 -Wall -D_FORTIFY_SOURCE=2   conftest.c  >&5
configure:3127: $? = 0
configure:3150: result: 
configure:3172: checking whether we are cross compiling
configure:3180: gcc -o conftest -g -O1 -Wall -D_FORTIFY_SOURCE=2   conftest.c  >&5
configure:3184: $? = 0
configure:3191: ./conftest
configure:3195: $? = 0
configure:3210: result: no
configure:3215: checking for suffix of object files
configure:3238: gcc -c -g -O1 -Wall -D_FORTIFY_SOURCE=2  conftest.c >&5
configure:3242: $? = 0
configure:3264: result: o
configure:3268: checking whether the compiler supports GNU C
configure:3288: gcc -c -g -O1 -Wall -D_FORTIFY_SOURCE=2  conftest.c >&5
configure:3288: $? = 0
configure:3298: result: yes
configure:3309: checking whether gcc accepts -g
configure:3330: gcc -c -g  conftest.c >&5
configure:3330: $? = 0
configure:3374: result: yes
configure:3394: checking for gcc option to enable C11 features
configure:3409: gcc  -c -g -O1 -Wall -D_FORTIFY_SOURCE=2  conftest.c >&5
configure:3409: $? = 0
configure:3427: result: none needed
configure:3542: checking for stdio.h
configure:3542: gcc -c -g -O1 -Wall -D_FORTIFY_SOURCE=2  conftest.c >&5
configure:3542: $? = 0
configure:3542: result: yes
configure:3542: checking for stdlib.h
configure:3542: gcc -c -g -O1 -Wall -D_FORTIFY_SOURCE=2  conftest.c >&5
configure:3542: $? = 0
configure:3542: result: yes
configure:3542: checking for string.h
configure:3542: gcc -c -g -O1 -Wall -D_FORTIFY_SOURCE=2  conftest.c >&5
configure:3542: $? = 0
configure:3542: result: yes
configure:3542: checking for inttypes.h
configure:3542: gcc -c -g -O1 -Wall -D_FORTIFY_SOURCE=2  conftest.c >&5
configure:3542: $? = 0
configure:3542: result: yes
configure:3542: checking for stdint.h
configure:3542: gcc -c -g -O1 -Wall -D_FORTIFY_SOURCE=2  conftest.c >&5
configure:3542: $? = 0
configure:3542: result: yes
configure:3542: checking for strings.h
configure:3542: gcc -c -g -O1 -Wall -D_FORTIFY_SOURCE=2  conftest.c >&5
configure:3542: $? = 0
configure:3542: result: yes
configure:3542: checking for sys/stat.h
configure:3542: gcc -c -g -O1 -Wall -D_FORTIFY_SOURCE=2  conftest.c >&5
configure:3542: $? = 0
configure:3542: result: yes
configure:3542: checking for sys/types.h
configure:3542: gcc -c -g -O1 -Wall -D_FORTIFY_SOURCE=2  conftest.c >&5
configure:3542: $? = 0
configure:3542: result: yes
configure:3542: checking for unistd.h
configure:3542: gcc -c -g -O1 -Wall -D_FORTIFY_SOURCE=2  conftest.c >&5
configure:3542: $? = 0
configure:3542: result: yes
configure:3542: checking for wchar.h
configure:3542: gcc -c -g -O1 -Wall -D_FORTIFY_SOURCE=2  conftest.c >&5
configure:3542: $? = 0
configure:3542: result: yes
configure:3542: checking for minix/config.h
configure:3542: gcc -c -g -O1 -Wall -D_FORTIFY_SOURCE=2  conftest.c >&5
conftest.c:47:10: fatal error: minix/config.h: No such file or directory
   47 | #include <minix/config.h>
      |          ^~~~~~~~~~~~~~~~
compilation terminated.
configure:3542: $? = 1
configure: failed program was:
| /* confdefs.h */
| #define PACKAGE_NAME "btrfs-progs"
| #define PACKAGE_TARNAME "btrfs-progs"
| #define PACKAGE_VERSION "v4.7.1-dirty"
| #define PACKAGE_STRING "btrfs-progs v4.7.1-dirty"
| #define PACKAGE_BUGREPORT "linux-btrfs@vger.kernel.org"
| #define PACKAGE_URL "http://btrfs.wiki.kernel.org"
| #define HAVE_STDIO_H 1
| #define HAVE_STDLIB_H 1
| #define HAVE_STRING_H 1
| #define HAVE_INTTYPES_H 1
| #define HAVE_STDINT_H 1
| #define HAVE_STRINGS_H 1
| #define HAVE_SYS_STAT_H 1
| #define HAVE_SYS_TYPES_H 1
| #define HAVE_UNISTD_H 1
| #define HAVE_WCHAR_H 1
| /* end confdefs.h.  */
| #include <stddef.h>
| #ifdef HAVE_STDIO_H
| # include <stdio.h>
| #endif
| #ifdef HAVE_STDLIB_H
| # include <stdlib.h>
| #endif
| #ifdef HAVE_STRING_H
| # include <string.h>
| #endif
| #ifdef HAVE_INTTYPES_H
| # include <inttypes.h>
| #endif
| #ifdef HAVE_STDINT_H
| # include <stdint.h>
| #endif
| #ifdef HAVE_STRINGS_H
| # include <strings.h>
| #endif
| #ifdef HAVE_SYS_TYPES_H
| # include <sys/types.h>
| #endif
| #ifdef HAVE_SYS_STAT_H
| # include <sys/stat.h>
| #endif
| #ifdef HAVE_UNISTD_H
| # include <unistd.h>
| #endif
| #include <minix/config.h>
configure:3542: result: no
configure:3573: checking whether it is safe to define __EXTENSIONS__
configure:3592: gcc -c -g -O1 -Wall -D_FORTIFY_SOURCE=2  conftest.c >&5
configure:3592: $? = 0
configure:3600: result: yes
configure:3603: checking whether _XOPEN_SOURCE should be defined
configure:3625: gcc -c -g -O1 -Wall -D_FORTIFY_SOURCE=2  conftest.c >&5
configure:3625: $? = 0
configure:3652: result: no
configure:3765: checking for gcc
configure:3797: result: gcc
configure:4150: checking for C compiler version
configure:4159: gcc --version >&5
gcc (Ubuntu 13.2.0-23ubuntu4) 13.2.0
Copyright (C) 2023 Free Software Foundation, Inc.
This is free software; see the source for copying conditions.  There is NO
warranty; not even for MERCHANTABILITY or FITNESS FOR A PARTICULAR PURPOSE.

configure:4170: $? = 0
configure:4159: gcc -v >&5
Using built-in specs.
COLLECT_GCC=gcc
COLLECT_LTO_WRAPPER=/usr/libexec/gcc/x86_64-linux-gnu/13/lto-wrapper
OFFLOAD_TARGET_NAMES=nvptx-none:amdgcn-amdhsa
OFFLOAD_TARGET_DEFAULT=1
Target: x86_64-linux-gnu
Configured with: ../src/configure -v --with-pkgversion='Ubuntu 13.2.0-23ubuntu4' --with-bugurl=file:///usr/share/doc/gcc-13/README.Bugs --enable-languages=c,ada,c++,go,d,fortran,objc,obj-c++,m2 --prefix=/usr --with-gcc-major-version-only --program-suffix=-13 --program-prefix=x86_64-linux-gnu- --enable-shared --enable-linker-build-id --libexecdir=/usr/libexec --without-included-gettext --enable-threads=posix --libdir=/usr/lib --enable-nls --enable-clocale=gnu --enable-libstdcxx-debug --enable-libstdcxx-time=yes --with-default-libstdcxx-abi=new --enable-libstdcxx-backtrace --enable-gnu-unique-object --disable-vtable-verify --enable-plugin --enable-default-pie --with-system-zlib --enable-libphobos-checking=release --with-target-system-zlib=auto --enable-objc-gc=auto --enable-multiarch --disable-werror --enable-cet --with-arch-32=i686 --with-abi=m64 --with-multilib-list=m32,m64,mx32 --enable-multilib --with-tune=generic --enable-offload-targets=nvptx-none=/build/gcc-13-uJ7kn6/gcc-13-13.2.0/debian/tmp-nvptx/usr,amdgcn-amdhsa=/build/gcc-13-uJ7kn6/gcc-13-13.2.0/debian/tmp-gcn/usr --enable-offload-defaulted --without-cuda-driver --enable-checking=release --build=x86_64-linux-gnu --host=x86_64-linux-gnu --target=x86_64-linux-gnu
Thread model: posix
Supported LTO compression algorithms: zlib zstd
gcc version 13.2.0 (Ubuntu 13.2.0-23ubuntu4) 
... rest of stderr output deleted ...
configure:4170: $? = 0
configure:4159: gcc -V >&5
gcc: error: unrecognized command-line option '-V'
gcc: fatal error: no input files
compilation terminated.
configure:4170: $? = 1
configure:4159: gcc -qversion >&5
gcc: error: unrecognized command-line option '-qversion'; did you mean '--version'?
gcc: fatal error: no input files
compilation terminated.
configure:4170: $? = 1
configure:4159: gcc -version >&5
gcc: error: unrecognized command-line option '-version'
gcc: fatal error: no input files
compilation terminated.
configure:4170: $? = 1
configure:4174: checking whether the compiler supports GNU C
configure:4204: result: yes
configure:4215: checking whether gcc accepts -g
configure:4280: result: yes
configure:4300: checking for gcc option to enable C11 features
configure:4333: result: none needed
configure:4450: checking build system type
configure:4465: result: x86_64-pc-linux-gnu
configure:4485: checking host system type
configure:4499: result: x86_64-pc-linux-gnu
configure:4519: checking for an ANSI C-conforming const
configure:4586: gcc -c -g -O1 -Wall -D_FORTIFY_SOURCE=2  conftest.c >&5
configure:4586: $? = 0
configure:4594: result: yes
configure:4602: checking for working volatile
configure:4622: gcc -c -g -O1 -Wall -D_FORTIFY_SOURCE=2  conftest.c >&5
configure:4622: $? = 0
configure:4630: result: yes
configure:4638: checking whether byte ordering is bigendian
configure:4654: gcc -c -g -O1 -Wall -D_FORTIFY_SOURCE=2  conftest.c >&5
conftest.c:37:16: error: unknown type name 'not'
   37 |                not a universal capable compiler
      |                ^~~
conftest.c:37:22: error: expected '=', ',', ';', 'asm' or '__attribute__' before 'universal'
   37 |                not a universal capable compiler
      |                      ^~~~~~~~~
conftest.c:37:22: error: unknown type name 'universal'
configure:4654: $? = 1
configure: failed program was:
| /* confdefs.h */
| #define PACKAGE_NAME "btrfs-progs"
| #define PACKAGE_TARNAME "btrfs-progs"
| #define PACKAGE_VERSION "v4.7.1-dirty"
| #define PACKAGE_STRING "btrfs-progs v4.7.1-dirty"
| #define PACKAGE_BUGREPORT "linux-btrfs@vger.kernel.org"
| #define PACKAGE_URL "http://btrfs.wiki.kernel.org"
| #define HAVE_STDIO_H 1
| #define HAVE_STDLIB_H 1
| #define HAVE_STRING_H 1
| #define HAVE_INTTYPES_H 1
| #define HAVE_STDINT_H 1
| #define HAVE_STRINGS_H 1
| #define HAVE_SYS_STAT_H 1
| #define HAVE_SYS_TYPES_H 1
| #define HAVE_UNISTD_H 1
| #define HAVE_WCHAR_H 1
| #define STDC_HEADERS 1
| #define _ALL_SOURCE 1
| #define _DARWIN_C_SOURCE 1
| #define _GNU_SOURCE 1
| #define _HPUX_ALT_XOPEN_SOCKET_API 1
| #define _NETBSD_SOURCE 1
| #define _OPENBSD_SOURCE 1
| #define _POSIX_PTHREAD_SEMANTICS 1
| #define __STDC_WANT_IEC_60559_ATTRIBS_EXT__ 1
| #define __STDC_WANT_IEC_60559_BFP_EXT__ 1
| #define __STDC_WANT_IEC_60559_DFP_EXT__ 1
| #define __STDC_WANT_IEC_60559_FUNCS_EXT__ 1
| #define __STDC_WANT_IEC_60559_TYPES_EXT__ 1
| #define __STDC_WANT_LIB_EXT2__ 1
| #define __STDC_WANT_MATH_SPEC_FUNCS__ 1
| #define _TANDEM_SOURCE 1
| #define __EXTENSIONS__ 1
| /* end confdefs.h.  */
| #ifndef __APPLE_CC__
| 	       not a universal capable compiler
| 	     #endif
| 	     typedef int dummy;
| 
configure:4700: gcc -c -g -O1 -Wall -D_FORTIFY_SOURCE=2  conftest.c >&5
configure:4700: $? = 0
configure:4719: gcc -c -g -O1 -Wall -D_FORTIFY_SOURCE=2  conftest.c >&5
conftest.c: In function 'main':
conftest.c:43:18: error: unknown type name 'not'; did you mean 'ino_t'?
   43 |                  not big endian
      |                  ^~~
      |                  ino_t
conftest.c:43:26: error: expected '=', ',', ';', 'asm' or '__attribute__' before 'endian'
   43 |                  not big endian
      |                          ^~~~~~
configure:4719: $? = 1
configure: failed program was:
| /* confdefs.h */
| #define PACKAGE_NAME "btrfs-progs"
| #define PACKAGE_TARNAME "btrfs-progs"
| #define PACKAGE_VERSION "v4.7.1-dirty"
| #define PACKAGE_STRING "btrfs-progs v4.7.1-dirty"
| #define PACKAGE_BUGREPORT "linux-btrfs@vger.kernel.org"
| #define PACKAGE_URL "http://btrfs.wiki.kernel.org"
| #define HAVE_STDIO_H 1
| #define HAVE_STDLIB_H 1
| #define HAVE_STRING_H 1
| #define HAVE_INTTYPES_H 1
| #define HAVE_STDINT_H 1
| #define HAVE_STRINGS_H 1
| #define HAVE_SYS_STAT_H 1
| #define HAVE_SYS_TYPES_H 1
| #define HAVE_UNISTD_H 1
| #define HAVE_WCHAR_H 1
| #define STDC_HEADERS 1
| #define _ALL_SOURCE 1
| #define _DARWIN_C_SOURCE 1
| #define _GNU_SOURCE 1
| #define _HPUX_ALT_XOPEN_SOCKET_API 1
| #define _NETBSD_SOURCE 1
| #define _OPENBSD_SOURCE 1
| #define _POSIX_PTHREAD_SEMANTICS 1
| #define __STDC_WANT_IEC_60559_ATTRIBS_EXT__ 1
| #define __STDC_WANT_IEC_60559_BFP_EXT__ 1
| #define __STDC_WANT_IEC_60559_DFP_EXT__ 1
| #define __STDC_WANT_IEC_60559_FUNCS_EXT__ 1
| #define __STDC_WANT_IEC_60559_TYPES_EXT__ 1
| #define __STDC_WANT_LIB_EXT2__ 1
| #define __STDC_WANT_MATH_SPEC_FUNCS__ 1
| #define _TANDEM_SOURCE 1
| #define __EXTENSIONS__ 1
| /* end confdefs.h.  */
| #include <sys/types.h>
| 		#include <sys/param.h>
| 
| int
| main (void)
| {
| #if BYTE_ORDER != BIG_ENDIAN
| 		 not big endian
| 		#endif
| 
|   ;
|   return 0;
| }
configure:4853: result: no
configure:4880: checking for special C compiler options needed for large files
configure:4928: result: no
configure:4934: checking for _FILE_OFFSET_BITS value needed for large files
configure:4960: gcc -c -g -O1 -Wall -D_FORTIFY_SOURCE=2  conftest.c >&5
configure:4960: $? = 0
configure:4994: result: no
configure:5092: checking for a BSD-compatible install
configure:5165: result: /usr/bin/install -c
configure:5176: checking whether ln -s works
configure:5180: result: yes
configure:5235: checking for ar
configure:5256: found /usr/bin/ar
configure:5267: result: ar
configure:5291: checking for rm
configure:5314: found /usr/bin/rm
configure:5327: result: /usr/bin/rm
configure:5337: checking for rmdir
configure:5360: found /usr/bin/rmdir
configure:5373: result: /usr/bin/rmdir
configure:5385: checking for openat
configure:5385: gcc -o conftest -g -O1 -Wall -D_FORTIFY_SOURCE=2   conftest.c  >&5
configure:5385: $? = 0
configure:5385: result: yes
configure:5456: checking for pkg-config
configure:5479: found /usr/bin/pkg-config
configure:5491: result: /usr/bin/pkg-config
configure:5516: checking pkg-config is at least version 0.9.0
configure:5519: result: yes
configure:5552: checking for execinfo.h
configure:5552: gcc -c -g -O1 -Wall -D_FORTIFY_SOURCE=2  conftest.c >&5
configure:5552: $? = 0
configure:5552: result: yes
configure:5563: checking for backtrace
configure:5563: gcc -o conftest -g -O1 -Wall -D_FORTIFY_SOURCE=2   conftest.c  >&5
configure:5563: $? = 0
configure:5563: result: yes
configure:5563: checking for backtrace_symbols_fd
configure:5563: gcc -o conftest -g -O1 -Wall -D_FORTIFY_SOURCE=2   conftest.c  >&5
configure:5563: $? = 0
configure:5563: result: yes
configure:5598: checking for asciidoc
configure:5621: found /usr/bin/asciidoc
configure:5634: result: /usr/bin/asciidoc
configure:5644: checking for xmlto
configure:5667: found /usr/bin/xmlto
configure:5680: result: /usr/bin/xmlto
configure:5690: checking for gzip
configure:5713: found /usr/bin/gzip
configure:5726: result: /usr/bin/gzip
configure:5736: checking for mv
configure:5759: found /usr/bin/mv
configure:5772: result: /usr/bin/mv
configure:5780: checking for a sed that does not truncate output
configure:5850: result: /usr/bin/sed
configure:5900: checking for ext2fs >= 1.42
configure:5907: $PKG_CONFIG --exists --print-errors "ext2fs >= 1.42"
configure:5910: $? = 0
configure:5924: $PKG_CONFIG --exists --print-errors "ext2fs >= 1.42"
configure:5927: $? = 0
configure:6151: result: yes
configure:6157: checking for com_err
configure:6164: $PKG_CONFIG --exists --print-errors "com_err"
configure:6167: $? = 0
configure:6181: $PKG_CONFIG --exists --print-errors "com_err"
configure:6184: $? = 0
configure:6242: result: yes
configure:6263: checking for FIEMAP_EXTENT_SHARED defined in linux/fiemap.h
configure:6286: gcc -c -g -O1 -Wall -D_FORTIFY_SOURCE=2  conftest.c >&5
conftest.c: In function 'main':
conftest.c:46:7: warning: unused variable 'ok' [-Wunused-variable]
   46 |   int ok;
      |       ^~
configure:6286: $? = 0
configure:6294: result: yes
configure:6306: checking for blkid
configure:6313: $PKG_CONFIG --exists --print-errors "blkid"
configure:6316: $? = 0
configure:6330: $PKG_CONFIG --exists --print-errors "blkid"
configure:6333: $? = 0
configure:6391: result: yes
configure:6396: pkg-config --exists --print-errors "blkid"
configure:6399: $? = 0
configure:6410: checking for uuid
configure:6417: $PKG_CONFIG --exists --print-errors "uuid"
configure:6420: $? = 0
configure:6434: $PKG_CONFIG --exists --print-errors "uuid"
configure:6437: $? = 0
configure:6495: result: yes
configure:6500: pkg-config --exists --print-errors "uuid"
configure:6503: $? = 0
configure:6514: checking for zlib
configure:6521: $PKG_CONFIG --exists --print-errors "zlib"
configure:6524: $? = 0
configure:6538: $PKG_CONFIG --exists --print-errors "zlib"
configure:6541: $? = 0
configure:6599: result: yes
configure:6604: pkg-config --exists --print-errors "zlib"
configure:6607: $? = 0
configure:6619: checking for lzo_version in -llzo2
configure:6642: gcc -o conftest -g -O1 -Wall -D_FORTIFY_SOURCE=2   conftest.c -llzo2   >&5
configure:6642: $? = 0
configure:6652: result: yes
configure:6788: creating ./config.status

## ---------------------- ##
## Running config.status. ##
## ---------------------- ##

This file was extended by btrfs-progs config.status v4.7.1-dirty, which was
generated by GNU Autoconf 2.71.  Invocation command line was

  CONFIG_FILES    = 
  CONFIG_HEADERS  = 
  CONFIG_LINKS    = 
  CONFIG_COMMANDS = 
  $ ./config.status 

on ubuntu-VirtualBox

config.status:859: creating Makefile
config.status:859: creating Documentation/Makefile
config.status:859: creating version.h
config.status:859: creating config.h
configure:7951: result:
	btrfs-progs v4.7.1-dirty

	prefix:            /usr/local
	exec prefix:       ${prefix}

	bindir:            ${exec_prefix}/bin
	libdir:            ${exec_prefix}/lib
	includedir:        ${prefix}/include

	compiler:          gcc
	cflags:            -g -O1 -Wall -D_FORTIFY_SOURCE=2
	ldflags:           

	documentation:     yes
	backtrace support: yes
	btrfs-convert:     yes (ext2)

	Type 'make' to compile.


## ---------------- ##
## Cache variables. ##
## ---------------- ##

ac_cv_build=x86_64-pc-linux-gnu
ac_cv_c_bigendian=no
ac_cv_c_compiler_gnu=yes
ac_cv_c_const=yes
ac_cv_c_volatile=yes
ac_cv_defined_FIEMAP_EXTENT_SHARED_linux_fiemap_h=yes
ac_cv_env_BLKID_CFLAGS_set=
ac_cv_env_BLKID_CFLAGS_value=
ac_cv_env_BLKID_LIBS_set=
ac_cv_env_BLKID_LIBS_value=
ac_cv_env_CC_set=
ac_cv_env_CC_value=
ac_cv_env_CFLAGS_set=
ac_cv_env_CFLAGS_value=
ac_cv_env_COM_ERR_CFLAGS_set=
ac_cv_env_COM_ERR_CFLAGS_value=
ac_cv_env_COM_ERR_LIBS_set=
ac_cv_env_COM_ERR_LIBS_value=
ac_cv_env_CPPFLAGS_set=
ac_cv_env_CPPFLAGS_value=
ac_cv_env_EXT2FS_CFLAGS_set=
ac_cv_env_EXT2FS_CFLAGS_value=
ac_cv_env_EXT2FS_LIBS_set=
ac_cv_env_EXT2FS_LIBS_value=
ac_cv_env_LDFLAGS_set=
ac_cv_env_LDFLAGS_value=
ac_cv_env_LIBS_set=
ac_cv_env_LIBS_value=
ac_cv_env_PKG_CONFIG_LIBDIR_set=
ac_cv_env_PKG_CONFIG_LIBDIR_value=
ac_cv_env_PKG_CONFIG_PATH_set=
ac_cv_env_PKG_CONFIG_PATH_value=
ac_cv_env_PKG_CONFIG_set=
ac_cv_env_PKG_CONFIG_value=
ac_cv_env_UUID_CFLAGS_set=
ac_cv_env_UUID_CFLAGS_value=
ac_cv_env_UUID_LIBS_set=
ac_cv_env_UUID_LIBS_value=
ac_cv_env_ZLIB_CFLAGS_set=
ac_cv_env_ZLIB_CFLAGS_value=
ac_cv_env_ZLIB_LIBS_set=
ac_cv_env_ZLIB_LIBS_value=
ac_cv_env_build_alias_set=
ac_cv_env_build_alias_value=
ac_cv_env_host_alias_set=
ac_cv_env_host_alias_value=
ac_cv_env_target_alias_set=
ac_cv_env_target_alias_value=
ac_cv_func_backtrace=yes
ac_cv_func_backtrace_symbols_fd=yes
ac_cv_func_openat=yes
ac_cv_header_execinfo_h=yes
ac_cv_header_inttypes_h=yes
ac_cv_header_minix_config_h=no
ac_cv_header_stdint_h=yes
ac_cv_header_stdio_h=yes
ac_cv_header_stdlib_h=yes
ac_cv_header_string_h=yes
ac_cv_header_strings_h=yes
ac_cv_header_sys_stat_h=yes
ac_cv_header_sys_types_h=yes
ac_cv_header_unistd_h=yes
ac_cv_header_wchar_h=yes
ac_cv_host=x86_64-pc-linux-gnu
ac_cv_lib_lzo2_lzo_version=yes
ac_cv_objext=o
ac_cv_path_ASCIIDOC=/usr/bin/asciidoc
ac_cv_path_GZIP=/usr/bin/gzip
ac_cv_path_MV=/usr/bin/mv
ac_cv_path_RM=/usr/bin/rm
ac_cv_path_RMDIR=/usr/bin/rmdir
ac_cv_path_SED=/usr/bin/sed
ac_cv_path_XMLTO=/usr/bin/xmlto
ac_cv_path_ac_pt_PKG_CONFIG=/usr/bin/pkg-config
ac_cv_path_install='/usr/bin/install -c'
ac_cv_prog_ac_ct_AR=ar
ac_cv_prog_ac_ct_CC=gcc
ac_cv_prog_cc_c11=
ac_cv_prog_cc_g=yes
ac_cv_prog_cc_stdc=
ac_cv_safe_to_define___extensions__=yes
ac_cv_should_define__xopen_source=no
ac_cv_sys_file_offset_bits=no
ac_cv_sys_largefile_CC=no
pkg_cv_BLKID_CFLAGS='-I/usr/include/blkid '
pkg_cv_BLKID_LIBS='-lblkid '
pkg_cv_COM_ERR_CFLAGS='-I/usr/include/et '
pkg_cv_COM_ERR_LIBS='-lcom_err '
pkg_cv_EXT2FS_CFLAGS='-I/usr/include/ext2fs -I/usr/include/et '
pkg_cv_EXT2FS_LIBS='-lext2fs '
pkg_cv_UUID_CFLAGS='-I/usr/include/uuid '
pkg_cv_UUID_LIBS='-luuid '
pkg_cv_ZLIB_CFLAGS=
pkg_cv_ZLIB_LIBS='-lz '

## ----------------- ##
## Output variables. ##
## ----------------- ##

AR='ar'
ASCIIDOC='/usr/bin/asciidoc'
BLKID_CFLAGS='-I/usr/include/blkid '
BLKID_LIBS='-lblkid '
BLKID_LIBS_STATIC='-lblkid '
BTRFSCONVERT_EXT2='1'
CC='gcc'
CFLAGS='-g -O1 -Wall -D_FORTIFY_SOURCE=2'
COM_ERR_CFLAGS='-I/usr/include/et '
COM_ERR_LIBS='-lcom_err '
CPPFLAGS=''
DEFS='-DHAVE_CONFIG_H'
DISABLE_BTRFSCONVERT='0'
DISABLE_DOCUMENTATION='0'
ECHO_C=''
ECHO_N='-n'
ECHO_T=''
EXEEXT=''
EXT2FS_CFLAGS='-I/usr/include/ext2fs -I/usr/include/et '
EXT2FS_LIBS='-lext2fs '
GZIP='/usr/bin/gzip'
INSTALL_DATA='${INSTALL} -m 644'
INSTALL_PROGRAM='${INSTALL}'
INSTALL_SCRIPT='${INSTALL}'
LDFLAGS=''
LIBBTRFS_MAJOR='0'
LIBBTRFS_MINOR='1'
LIBBTRFS_PATCHLEVEL='1'
LIBOBJS=''
LIBS=''
LN_S='ln -s'
LTLIBOBJS=''
LZO2_CFLAGS=''
LZO2_LIBS='-llzo2'
LZO2_LIBS_STATIC='-llzo2'
MV='/usr/bin/mv'
OBJEXT='o'
PACKAGE_BUGREPORT='linux-btrfs@vger.kernel.org'
PACKAGE_NAME='btrfs-progs'
PACKAGE_STRING='btrfs-progs v4.7.1-dirty'
PACKAGE_TARNAME='btrfs-progs'
PACKAGE_URL='http://btrfs.wiki.kernel.org'
PACKAGE_VERSION='v4.7.1-dirty'
PATH_SEPARATOR=':'
PKG_CONFIG='/usr/bin/pkg-config'
PKG_CONFIG_LIBDIR=''
PKG_CONFIG_PATH=''
RM='/usr/bin/rm'
RMDIR='/usr/bin/rmdir'
SED='/usr/bin/sed'
SHELL='/bin/bash'
UDEVDIR='/usr/lib/udev'
UUID_CFLAGS='-I/usr/include/uuid '
UUID_LIBS='-luuid '
UUID_LIBS_STATIC='-luuid '
XMLTO='/usr/bin/xmlto'
ZLIB_CFLAGS=''
ZLIB_LIBS='-lz '
ZLIB_LIBS_STATIC='-lz '
ac_ct_CC='gcc'
bindir='${exec_prefix}/bin'
build='x86_64-pc-linux-gnu'
build_alias=''
build_cpu='x86_64'
build_os='linux-gnu'
build_vendor='pc'
datadir='${datarootdir}'
datarootdir='${prefix}/share'
docdir='${datarootdir}/doc/${PACKAGE_TARNAME}'
dvidir='${docdir}'
exec_prefix='${prefix}'
host='x86_64-pc-linux-gnu'
host_alias=''
host_cpu='x86_64'
host_os='linux-gnu'
host_vendor='pc'
htmldir='${docdir}'
includedir='${prefix}/include'
infodir='${datarootdir}/info'
libdir='${exec_prefix}/lib'
libexecdir='${exec_prefix}/libexec'
localedir='${datarootdir}/locale'
localstatedir='${prefix}/var'
mandir='${datarootdir}/man'
oldincludedir='/usr/include'
pdfdir='${docdir}'
prefix='/usr/local'
program_transform_name='s,x,x,'
psdir='${docdir}'
runstatedir='${localstatedir}/run'
sbindir='${exec_prefix}/sbin'
sharedstatedir='${prefix}/com'
sysconfdir='${prefix}/etc'
target_alias=''

## ----------- ##
## confdefs.h. ##
## ----------- ##

/* confdefs.h */
#define PACKAGE_NAME "btrfs-progs"
#define PACKAGE_TARNAME "btrfs-progs"
#define PACKAGE_VERSION "v4.7.1-dirty"
#define PACKAGE_STRING "btrfs-progs v4.7.1-dirty"
#define PACKAGE_BUGREPORT "linux-btrfs@vger.kernel.org"
#define PACKAGE_URL "http://btrfs.wiki.kernel.org"
#define HAVE_STDIO_H 1
#define HAVE_STDLIB_H 1
#define HAVE_STRING_H 1
#define HAVE_INTTYPES_H 1
#define HAVE_STDINT_H 1
#define HAVE_STRINGS_H 1
#define HAVE_SYS_STAT_H 1
#define HAVE_SYS_TYPES_H 1
#define HAVE_UNISTD_H 1
#define HAVE_WCHAR_H 1
#define STDC_HEADERS 1
#define _ALL_SOURCE 1
#define _DARWIN_C_SOURCE 1
#define _GNU_SOURCE 1
#define _HPUX_ALT_XOPEN_SOCKET_API 1
#define _NETBSD_SOURCE 1
#define _OPENBSD_SOURCE 1
#define _POSIX_PTHREAD_SEMANTICS 1
#define __STDC_WANT_IEC_60559_ATTRIBS_EXT__ 1
#define __STDC_WANT_IEC_60559_BFP_EXT__ 1
#define __STDC_WANT_IEC_60559_DFP_EXT__ 1
#define __STDC_WANT_IEC_60559_FUNCS_EXT__ 1
#define __STDC_WANT_IEC_60559_TYPES_EXT__ 1
#define __STDC_WANT_LIB_EXT2__ 1
#define __STDC_WANT_MATH_SPEC_FUNCS__ 1
#define _TANDEM_SOURCE 1
#define __EXTENSIONS__ 1
#define HAVE_OPENAT 1
#define HAVE_EXECINFO_H 1
#define HAVE_BACKTRACE 1
#define HAVE_BACKTRACE_SYMBOLS_FD 1

configure: exit 0
